<?xml version="1.0" encoding="UTF-8"?>
<!-- Generated by org.testng.reporters.JUnitXMLReporter -->
<testsuite ignored="1" hostname="SnehaPriya" failures="0" tests="3" name="Default test" time="31.639" errors="0" timestamp="2024-11-15T20:08:26 IST">
  <testcase classname="BreakOutAssignment.verifySignup" name="Excelsignup" time="2.77"/>
  <testcase classname="BreakOutAssignment.verifySignup" name="Excelsignup" time="2.519"/>
  <testcase classname="BreakOutAssignment.verifySignup" name="Excelsignup" time="2.492"/>
  <testcase classname="BreakOutAssignment.verifySignup" name="signup" time="0.0">
    <ignored/>
  </testcase> <!-- signup -->
</testsuite> <!-- Default test -->
