<?xml version="1.0" encoding="UTF-8"?>
<!-- Generated by org.testng.reporters.JUnitXMLReporter -->
<testsuite ignored="2" hostname="SnehaPriya" failures="0" tests="2" name="Test UPI" time="0.07" errors="0" timestamp="2024-10-24T18:35:27 IST">
  <testcase classname="Groups.GroupTestDemo" name="Deposit" time="0.01"/>
  <testcase classname="Groups.GroupTestDemo" name="Withdraw" time="0.002"/>
  <testcase classname="Groups.GroupTestDemo" name="logout" time="0.0">
    <ignored/>
  </testcase> <!-- logout -->
  <testcase classname="Groups.GroupTestDemo" name="login" time="0.0">
    <ignored/>
  </testcase> <!-- login -->
</testsuite> <!-- Test UPI -->
