<?xml version="1.0" encoding="UTF-8"?>
<!-- Generated by org.testng.reporters.JUnitXMLReporter -->
<testsuite ignored="0" hostname="SnehaPriya" failures="0" tests="3" name="Test" time="21.896" errors="0" timestamp="2024-11-11T21:03:36 IST">
  <testcase classname="BreakOutAssignment.verifySignup" name="signup" time="2.291"/>
  <testcase classname="BreakOutAssignment.verifySignup" name="signup" time="2.516"/>
  <testcase classname="BreakOutAssignment.verifySignup" name="signup" time="2.65"/>
</testsuite> <!-- Test -->
